<?xml version="1.0" encoding="GBK" standalone="no"?>
<!DOCTYPE log SYSTEM "logger.dtd">
<log>
<record>
  <date>2015-11-08T05:12:50</date>
  <millis>1446930770840</millis>
  <sequence>0</sequence>
  <logger>log</logger>
  <level>INFO</level>
  <class>logger.LogHandler</class>
  <method>log</method>
  <thread>1</thread>
  <message>TaskBuddy: Init start</message>
</record>
<record>
  <date>2015-11-08T05:12:52</date>
  <millis>1446930772111</millis>
  <sequence>1</sequence>
  <logger>log</logger>
  <level>INFO</level>
  <class>logger.LogHandler</class>
  <method>log</method>
  <thread>1</thread>
  <message>TaskBuddy: Init end</message>
</record>
</log>
